#
# A fatal error has been detected by the Java Runtime Environment:
#
#  EXCEPTION_ACCESS_VIOLATION (0xc0000005) at pc=0x0000000071e57ff1, pid=18204, tid=18368
#
# JRE version: Java(TM) SE Runtime Environment (17.0+35) (build 17+35-LTS-2724)
# Java VM: Java HotSpot(TM) 64-Bit Server VM (17+35-LTS-2724, mixed mode, sharing, tiered, compressed oops, compressed class ptrs, g1 gc, windows-amd64)
# Problematic frame:
# C  [QtGui4.dll+0x57ff1]
#
# No core dump will be written. Minidumps are not enabled by default on client versions of Windows
#
# If you would like to submit a bug report, please visit:
#   https://bugreport.java.com/bugreport/crash.jsp
# The crash happened outside the Java Virtual Machine in native code.
# See problematic frame for where to report the bug.
#

---------------  S U M M A R Y ------------

Command Line: -javaagent:C:\Program Files\JetBrains\IntelliJ IDEA Community Edition 2021.2.1\lib\idea_rt.jar=63418:C:\Program Files\JetBrains\IntelliJ IDEA Community Edition 2021.2.1\bin -Dfile.encoding=UTF-8 interfazrooms.InterfazROOMS

Host: AMD Ryzen 7 2700X Eight-Core Processor         , 16 cores, 15G,  Windows 10 , 64 bit Build 19041 (10.0.19041.1503)
Time: Mon Feb 21 21:14:55 2022 Hora estándar romance elapsed time: 15.494909 seconds (0d 0h 0m 15s)

---------------  T H R E A D  ---------------

Current thread (0x000001cf8bcd6520):  JavaThread "Finalizer" daemon [_thread_in_native, id=18368, stack(0x0000004749e00000,0x0000004749f00000)]

Stack: [0x0000004749e00000,0x0000004749f00000],  sp=0x0000004749eff190,  free space=1020k
Native frames: (J=compiled Java code, j=interpreted, Vv=VM code, C=native code)
C  [QtGui4.dll+0x57ff1]

Java frames: (J=compiled Java code, j=interpreted, Vv=VM code)
J 849  com.trolltech.qt.internal.QtJambiObject.finalize()V (0 bytes) @ 0x000001cff78808e3 [0x000001cff78808a0+0x0000000000000043]
J 842 c1 java.lang.ref.Finalizer.runFinalizer(Ljdk/internal/access/JavaLangAccess;)V java.base@17 (131 bytes) @ 0x000001cff0552dbc [0x000001cff0552740+0x000000000000067c]
j  java.lang.ref.Finalizer$FinalizerThread.run()V+46 java.base@17
v  ~StubRoutines::call_stub

siginfo: EXCEPTION_ACCESS_VIOLATION (0xc0000005), reading address 0x0000000000000008


Register to memory mapping:

RIP=0x0000000071e57ff1 QtGui4.dll
RAX=0x0 is NULL
RBX=0x000001cf8cfe90a0 points into unknown readable memory: 0x00000000723ffe58 | 58 fe 3f 72 00 00 00 00
RCX=0x000001cf8cfb63c8 points into unknown readable memory: 0x0000000000000000 | 00 00 00 00 00 00 00 00
RDX=0x000001cf8cfe90a0 points into unknown readable memory: 0x00000000723ffe58 | 58 fe 3f 72 00 00 00 00
RSP=0x0000004749eff190 is pointing into the stack for thread: 0x000001cf8bcd6520
RBP=0x0 is NULL
RSI=0x0000000072a2e0a8 QtCore4.dll
RDI=0x000001cf8cfe90a0 points into unknown readable memory: 0x00000000723ffe58 | 58 fe 3f 72 00 00 00 00
R8 =0x000000000000001c is an unknown value
R9 =0x0 is NULL
R10=0x0 is NULL
R11=0x0000000000000246 is an unknown value
R12=0x000001cf8cfe90a0 points into unknown readable memory: 0x00000000723ffe58 | 58 fe 3f 72 00 00 00 00
R13=0x000001cf8cfb6280 points into unknown readable memory: 0x00000000724691f0 | f0 91 46 72 00 00 00 00
R14=0x0 is NULL
R15=0x000001cf8bcd6700 points into unknown readable memory: 0x0000000000000000 | 00 00 00 00 00 00 00 00


Registers:
RAX=0x0000000000000000, RBX=0x000001cf8cfe90a0, RCX=0x000001cf8cfb63c8, RDX=0x000001cf8cfe90a0
RSP=0x0000004749eff190, RBP=0x0000000000000000, RSI=0x0000000072a2e0a8, RDI=0x000001cf8cfe90a0
R8 =0x000000000000001c, R9 =0x0000000000000000, R10=0x0000000000000000, R11=0x0000000000000246
R12=0x000001cf8cfe90a0, R13=0x000001cf8cfb6280, R14=0x0000000000000000, R15=0x000001cf8bcd6700
RIP=0x0000000071e57ff1, EFLAGS=0x0000000000010202

Top of Stack: (sp=0x0000004749eff190)
0x0000004749eff190:   000001cf8cfe90a0 000001cf8d0c7200
0x0000004749eff1a0:   000001cf8d0c7200 0000000000000000
0x0000004749eff1b0:   0000000072a2e0a8 000001cf00000001
0x0000004749eff1c0:   0000000072a2e0c0 0000000072a2e0c0
0x0000004749eff1d0:   0000000000000000 00000000727b2907
0x0000004749eff1e0:   000001cf8cfe90a0 00007ff8649c6958
0x0000004749eff1f0:   000001cf8cfe90a0 fffffffffffffffe
0x0000004749eff200:   000001cf8d0c7200 0000000000000000
0x0000004749eff210:   000001cf8cfe90a0 0000000072213f73
0x0000004749eff220:   000001cf8bcd67c8 000001cf8cfe90a0
0x0000004749eff230:   0000004749eff448 0000000000000000
0x0000004749eff240:   000001cf8cfe90a0 000001cf8d0c7200
0x0000004749eff250:   0000000000000001 00007ff837ba3ea4
0x0000004749eff260:   000001cf8cfe90a0 0000000000000000
0x0000004749eff270:   000001cf8cfb6280 0000000072a2e0a8
0x0000004749eff280:   0000000000000001 00007ff88aa9644a 

Instructions: (pc=0x0000000071e57ff1)
0x0000000071e57ef1:   48 8b f9 ff 15 4e 49 59 00 48 8b c8 eb e1 48 8b
0x0000000071e57f01:   47 08 48 8b 88 88 00 00 00 48 85 c9 74 23 48 8b
0x0000000071e57f11:   49 10 48 85 c9 74 1a 48 83 c1 10 e8 8f 09 4a 00
0x0000000071e57f21:   84 c0 74 0d 48 8b 47 08 48 39 98 a0 00 00 00 74
0x0000000071e57f31:   0a e8 49 43 fc ff 48 3b c3 75 40 ba 07 00 00 00
0x0000000071e57f41:   33 c9 e8 88 bf fc ff 49 8b 5c 24 20 80 7b 0c 09
0x0000000071e57f51:   74 18 48 8b 1b ff 15 1c 7c 59 00 48 3b c3 75 0a
0x0000000071e57f61:   33 c9 ff 15 1f 7c 59 00 eb 11 33 d2 41 b8 05 80
0x0000000071e57f71:   00 00 49 8b cc e8 e5 0b 40 00 90 eb 13 45 33 f6
0x0000000071e57f81:   4c 8b a4 24 d0 00 00 00 4c 8b ac 24 e0 00 00 00
0x0000000071e57f91:   49 8b cd e8 07 e6 00 00 49 8b 4c 24 20 0f b6 41
0x0000000071e57fa1:   0c a8 01 74 32 8b 41 08 c1 e8 0f 24 01 74 28 48
0x0000000071e57fb1:   83 39 00 74 28 33 d2 49 8b cd e8 c0 1c 00 00 90
0x0000000071e57fc1:   eb 37 45 33 f6 4c 8b a4 24 d0 00 00 00 4c 8b ac
0x0000000071e57fd1:   24 e0 00 00 00 eb 22 48 83 39 00 75 1c 8b 41 08
0x0000000071e57fe1:   c1 e8 0f 24 01 74 12 ff 15 8a 48 59 00 49 8b d4
0x0000000071e57ff1:   48 8b 48 08 e8 86 b3 fc ff 49 8b 5d 08 48 8b cb
0x0000000071e58001:   ff 15 41 48 59 00 48 8b d0 48 8b 4b 20 0f b6 49
0x0000000071e58011:   0c f6 c1 01 75 20 48 85 d2 74 1b 48 8b da 48 8b
0x0000000071e58021:   ca ff 15 20 48 59 00 48 8b d0 48 8b 43 20 0f b6
0x0000000071e58031:   40 0c a8 01 74 e0 48 8b 43 08 48 8b 98 88 00 00
0x0000000071e58041:   00 48 85 db 74 0f 48 8b 5b 08 48 85 db 74 06 48
0x0000000071e58051:   8b 5b 10 eb 03 49 8b de 48 85 db 74 34 49 8b d4
0x0000000071e58061:   48 8b cb e8 b7 49 18 00 49 8b 44 24 20 8b 48 08
0x0000000071e58071:   c1 e9 05 80 e1 01 74 19 4c 89 a4 24 d8 00 00 00
0x0000000071e58081:   48 8d 4b 30 48 8d 94 24 d8 00 00 00 e8 1e ae 00
0x0000000071e58091:   00 49 8b 9d b0 00 00 00 48 85 db 74 10 48 8b cb
0x0000000071e580a1:   e8 7a bc 11 00 48 8b cb e8 02 09 53 00 4d 89 b5
0x0000000071e580b1:   b0 00 00 00 41 f7 45 20 00 02 00 00 74 09 49 8b
0x0000000071e580c1:   cc ff 15 88 54 59 00 49 8b 4d 78 48 85 c9 74 10
0x0000000071e580d1:   49 8b d4 48 8b 05 9d 54 59 00 ff 10 4d 89 75 78
0x0000000071e580e1:   49 8d 4d 18 ff 15 15 47 59 00 84 c0 75 09 49 8b 


Stack slot to memory mapping:
stack at sp + 0 slots: 0x000001cf8cfe90a0 points into unknown readable memory: 0x00000000723ffe58 | 58 fe 3f 72 00 00 00 00
stack at sp + 1 slots: 0x000001cf8d0c7200 points into unknown readable memory: 0x0000000000000000 | 00 00 00 00 00 00 00 00
stack at sp + 2 slots: 0x000001cf8d0c7200 points into unknown readable memory: 0x0000000000000000 | 00 00 00 00 00 00 00 00
stack at sp + 3 slots: 0x0 is NULL
stack at sp + 4 slots: 0x0000000072a2e0a8 QtCore4.dll
stack at sp + 5 slots: 0x000001cf00000001 is an unknown value
stack at sp + 6 slots: 0x0000000072a2e0c0 QtCore4.dll
stack at sp + 7 slots: 0x0000000072a2e0c0 QtCore4.dll


---------------  P R O C E S S  ---------------

Threads class SMR info:
_java_thread_list=0x000001cf8d7a2b50, length=15, elements={
0x000001cf8bcd3790, 0x000001cf8bcd6520, 0x000001cf8bce88c0, 0x000001cf8bcea190,
0x000001cf8bceaa50, 0x000001cf8bceb310, 0x000001cf8bcef4b0, 0x000001cf8bcf7e70,
0x000001cf8bd0c380, 0x000001cf8c8c0230, 0x000001cf8cad39d0, 0x000001cf8cb95070,
0x000001cf8c8fb980, 0x000001cf8d005970, 0x000001cfe8493c60
}

Java Threads: ( => current thread )
  0x000001cf8bcd3790 JavaThread "Reference Handler" daemon [_thread_blocked, id=21032, stack(0x0000004749d00000,0x0000004749e00000)]
=>0x000001cf8bcd6520 JavaThread "Finalizer" daemon [_thread_in_native, id=18368, stack(0x0000004749e00000,0x0000004749f00000)]
  0x000001cf8bce88c0 JavaThread "Signal Dispatcher" daemon [_thread_blocked, id=8988, stack(0x0000004749f00000,0x000000474a000000)]
  0x000001cf8bcea190 JavaThread "Attach Listener" daemon [_thread_blocked, id=3312, stack(0x000000474a000000,0x000000474a100000)]
  0x000001cf8bceaa50 JavaThread "Service Thread" daemon [_thread_blocked, id=20496, stack(0x000000474a100000,0x000000474a200000)]
  0x000001cf8bceb310 JavaThread "Monitor Deflation Thread" daemon [_thread_blocked, id=8944, stack(0x000000474a200000,0x000000474a300000)]
  0x000001cf8bcef4b0 JavaThread "C2 CompilerThread0" daemon [_thread_blocked, id=8448, stack(0x000000474a300000,0x000000474a400000)]
  0x000001cf8bcf7e70 JavaThread "C1 CompilerThread0" daemon [_thread_blocked, id=15052, stack(0x000000474a400000,0x000000474a500000)]
  0x000001cf8bd0c380 JavaThread "Sweeper thread" daemon [_thread_blocked, id=20704, stack(0x000000474a500000,0x000000474a600000)]
  0x000001cf8c8c0230 JavaThread "Common-Cleaner" daemon [_thread_blocked, id=20840, stack(0x000000474a600000,0x000000474a700000)]
  0x000001cf8cad39d0 JavaThread "Monitor Ctrl-Break" daemon [_thread_in_native, id=22444, stack(0x000000474aa00000,0x000000474ab00000)]
  0x000001cf8cb95070 JavaThread "Notification Thread" daemon [_thread_blocked, id=5716, stack(0x000000474ab00000,0x000000474ac00000)]
  0x000001cf8c8fb980 JavaThread "SIGINT handler" daemon [_thread_blocked, id=18112, stack(0x000000474a700000,0x000000474a800000)]
  0x000001cf8d005970 JavaThread "Thread-2" daemon [_thread_in_native, id=13560, stack(0x000000474a900000,0x000000474aa00000)]
  0x000001cfe8493c60 JavaThread "DestroyJavaVM" [_thread_blocked, id=10984, stack(0x0000004749600000,0x0000004749700000)]

Other Threads:
  0x000001cf8bccdc70 VMThread "VM Thread" [stack: 0x0000004749c00000,0x0000004749d00000] [id=2400]
  0x000001cfe8502a40 WatcherThread [stack: 0x000000474ac00000,0x000000474ad00000] [id=11648]
  0x000001cfe84e4a50 GCTaskThread "GC Thread#0" [stack: 0x0000004749700000,0x0000004749800000] [id=17428]
  0x000001cf8d7c67d0 GCTaskThread "GC Thread#1" [stack: 0x000000474ae00000,0x000000474af00000] [id=13244]
  0x000001cf8d64c5c0 GCTaskThread "GC Thread#2" [stack: 0x000000474af00000,0x000000474b000000] [id=15908]
  0x000001cf8d33a570 GCTaskThread "GC Thread#3" [stack: 0x000000474b000000,0x000000474b100000] [id=20420]
  0x000001cf8d805be0 GCTaskThread "GC Thread#4" [stack: 0x000000474b100000,0x000000474b200000] [id=21940]
  0x000001cf8d7c10e0 GCTaskThread "GC Thread#5" [stack: 0x000000474b200000,0x000000474b300000] [id=22500]
  0x000001cf8d002fd0 GCTaskThread "GC Thread#6" [stack: 0x000000474b300000,0x000000474b400000] [id=21300]
  0x000001cf8d003280 GCTaskThread "GC Thread#7" [stack: 0x000000474b400000,0x000000474b500000] [id=22296]
  0x000001cfe84f6740 ConcurrentGCThread "G1 Main Marker" [stack: 0x0000004749800000,0x0000004749900000] [id=21416]
  0x000001cfe84f7800 ConcurrentGCThread "G1 Conc#0" [stack: 0x0000004749900000,0x0000004749a00000] [id=16388]
  0x000001cfe85614f0 ConcurrentGCThread "G1 Refine#0" [stack: 0x0000004749a00000,0x0000004749b00000] [id=21052]
  0x000001cf8bb930e0 ConcurrentGCThread "G1 Service" [stack: 0x0000004749b00000,0x0000004749c00000] [id=5452]

Threads with active compile tasks:

VM state: not at safepoint (normal execution)

VM Mutex/Monitor currently owned by a thread: None

Heap address: 0x0000000701600000, size: 4074 MB, Compressed Oops mode: Zero based, Oop shift amount: 3

CDS archive(s) mapped at: [0x0000000800000000-0x0000000800bc0000-0x0000000800bc0000), size 12320768, SharedBaseAddress: 0x0000000800000000, ArchiveRelocationMode: 0.
Compressed class space mapped at: 0x0000000800c00000-0x0000000840c00000, reserved size: 1073741824
Narrow klass base: 0x0000000800000000, Narrow klass shift: 0, Narrow klass range: 0x100000000

GC Precious Log:
 CPUs: 16 total, 16 available
 Memory: 16293M
 Large Page Support: Disabled
 NUMA Support: Disabled
 Compressed Oops: Enabled (Zero based)
 Heap Region Size: 2M
 Heap Min Capacity: 8M
 Heap Initial Capacity: 256M
 Heap Max Capacity: 4074M
 Pre-touch: Disabled
 Parallel Workers: 13
 Concurrent Workers: 3
 Concurrent Refinement Workers: 13
 Periodic GC: Disabled

Heap:
 garbage-first heap   total 14336K, used 3072K [0x0000000701600000, 0x0000000800000000)
  region size 2048K, 1 young (2048K), 0 survivors (0K)
 Metaspace       used 6104K, committed 6272K, reserved 1056768K
  class space    used 543K, committed 640K, reserved 1048576K

Heap Regions: E=young(eden), S=young(survivor), O=old, HS=humongous(starts), HC=humongous(continues), CS=collection set, F=free, OA=open archive, CA=closed archive, TAMS=top-at-mark-start (previous, next)
|   0|0x0000000701600000, 0x00000007017ffff0, 0x0000000701800000| 99%| O|  |TAMS 0x00000007017ffff0, 0x0000000701600000| Untracked 
|   1|0x0000000701800000, 0x0000000701900300, 0x0000000701a00000| 50%| O|  |TAMS 0x0000000701800000, 0x0000000701800000| Untracked 
|   2|0x0000000701a00000, 0x0000000701a00000, 0x0000000701c00000|  0%| F|  |TAMS 0x0000000701a00000, 0x0000000701a00000| Untracked 
|   3|0x0000000701c00000, 0x0000000701c00000, 0x0000000701e00000|  0%| F|  |TAMS 0x0000000701c00000, 0x0000000701c00000| Untracked 
|   4|0x0000000701e00000, 0x0000000701e00000, 0x0000000702000000|  0%| F|  |TAMS 0x0000000701e00000, 0x0000000701e00000| Untracked 
|   5|0x0000000702000000, 0x0000000702000000, 0x0000000702200000|  0%| F|  |TAMS 0x0000000702000000, 0x0000000702000000| Untracked 
|   6|0x0000000702200000, 0x00000007022035b8, 0x0000000702400000|  0%| E|  |TAMS 0x0000000702200000, 0x0000000702200000| Complete 

Card table byte_map: [0x000001cf80000000,0x000001cf80800000] _byte_map_base: 0x000001cf7c7f5000

Marking Bits (Prev, Next): (CMBitMap*) 0x000001cfe84e5fc0, (CMBitMap*) 0x000001cfe84e5f80
 Prev Bits: [0x000001cf84fb0000, 0x000001cf88f58000)
 Next Bits: [0x000001cf81000000, 0x000001cf84fa8000)

Polling page: 0x000001cfe6280000

Metaspace:

Usage:
  Non-class:      5.43 MB used.
      Class:    543.05 KB used.
       Both:      5.96 MB used.

Virtual space:
  Non-class space:        8.00 MB reserved,       5.50 MB ( 69%) committed,  1 nodes.
      Class space:        1.00 GB reserved,     640.00 KB ( <1%) committed,  1 nodes.
             Both:        1.01 GB reserved,       6.12 MB ( <1%) committed. 

Chunk freelists:
   Non-Class:  1.14 MB
       Class:  3.20 MB
        Both:  4.34 MB

MaxMetaspaceSize: unlimited
CompressedClassSpaceSize: 1.00 GB
Initial GC threshold: 21.00 MB
Current GC threshold: 21.00 MB
CDS: on
MetaspaceReclaimPolicy: balanced
 - commit_granule_bytes: 65536.
 - commit_granule_words: 8192.
 - virtual_space_node_default_size: 1048576.
 - enlarge_chunks_in_place: 1.
 - new_chunks_are_fully_committed: 0.
 - uncommit_free_chunks: 1.
 - use_allocation_guard: 0.
 - handle_deallocations: 1.


Internal statistics:

num_allocs_failed_limit: 0.
num_arena_births: 38.
num_arena_deaths: 0.
num_vsnodes_births: 2.
num_vsnodes_deaths: 0.
num_space_committed: 98.
num_space_uncommitted: 0.
num_chunks_returned_to_freelist: 0.
num_chunks_taken_from_freelist: 167.
num_chunk_merges: 0.
num_chunk_splits: 129.
num_chunks_enlarged: 108.
num_purges: 0.
num_inconsistent_stats: 0.

CodeHeap 'non-profiled nmethods': size=119168Kb used=261Kb max_used=261Kb free=118906Kb
 bounds [0x000001cff7840000, 0x000001cff7ab0000, 0x000001cffeca0000]
CodeHeap 'profiled nmethods': size=119104Kb used=1465Kb max_used=1465Kb free=117638Kb
 bounds [0x000001cff03f0000, 0x000001cff0660000, 0x000001cff7840000]
CodeHeap 'non-nmethods': size=7488Kb used=1174Kb max_used=2317Kb free=6314Kb
 bounds [0x000001cfefca0000, 0x000001cfeff10000, 0x000001cff03f0000]
 total_blobs=1337 nmethods=868 adapters=382
 compilation: enabled
              stopped_count=0, restarted_count=0
 full_count=0

Compilation events (20 events):
Event: 15.466 Thread 0x000001cf8bcf7e70 nmethod 859 0x000001cff0557a90 code [0x000001cff0557c20, 0x000001cff0557d98]
Event: 15.466 Thread 0x000001cf8bcf7e70  860       3       java.nio.CharBuffer::position (8 bytes)
Event: 15.466 Thread 0x000001cf8bcf7e70 nmethod 860 0x000001cff0557e10 code [0x000001cff0557fa0, 0x000001cff05580e8]
Event: 15.466 Thread 0x000001cf8bcf7e70  863       3       sun.nio.cs.UTF_8$Encoder::encodeArrayLoop (489 bytes)
Event: 15.471 Thread 0x000001cf8bcf7e70 nmethod 863 0x000001cff0558190 code [0x000001cff0558780, 0x000001cff055bc68]
Event: 15.471 Thread 0x000001cf8bcf7e70  861       3       java.nio.CharBuffer::position (6 bytes)
Event: 15.471 Thread 0x000001cf8bcf7e70 nmethod 861 0x000001cff055cd90 code [0x000001cff055cf40, 0x000001cff055d0e8]
Event: 15.471 Thread 0x000001cf8bcf7e70  862       3       java.nio.ByteBuffer::array (35 bytes)
Event: 15.471 Thread 0x000001cf8bcf7e70 nmethod 862 0x000001cff055d190 code [0x000001cff055d360, 0x000001cff055d5d8]
Event: 15.471 Thread 0x000001cf8bcf7e70  866       3       java.io.OutputStream::flush (1 bytes)
Event: 15.472 Thread 0x000001cf8bcf7e70 nmethod 866 0x000001cff055d710 code [0x000001cff055d8a0, 0x000001cff055d9b8]
Event: 15.472 Thread 0x000001cf8bcf7e70  864       3       jdk.internal.misc.VM::initLevel (4 bytes)
Event: 15.472 Thread 0x000001cf8bcf7e70 nmethod 864 0x000001cff055da90 code [0x000001cff055dc20, 0x000001cff055dd18]
Event: 15.472 Thread 0x000001cf8bcf7e70  865       3       jdk.internal.misc.VM::isModuleSystemInited (13 bytes)
Event: 15.472 Thread 0x000001cf8bcf7e70 nmethod 865 0x000001cff055dd90 code [0x000001cff055df20, 0x000001cff055e0d8]
Event: 15.472 Thread 0x000001cf8bcf7e70  867       3       java.io.PrintStream::ensureOpen (18 bytes)
Event: 15.472 Thread 0x000001cf8bcf7e70 nmethod 867 0x000001cff055e190 code [0x000001cff055e340, 0x000001cff055e548]
Event: 15.486 Thread 0x000001cf8bcef4b0 nmethod 854% 0x000001cff7880b10 code [0x000001cff7880ca0, 0x000001cff7881118]
Event: 15.486 Thread 0x000001cf8bcef4b0  868       4       java.lang.String::isEmpty (14 bytes)
Event: 15.487 Thread 0x000001cf8bcef4b0 nmethod 868 0x000001cff7881290 code [0x000001cff7881400, 0x000001cff7881498]

GC Heap History (4 events):
Event: 15.437 GC heap before
{Heap before GC invocations=0 (full 0):
 garbage-first heap   total 262144K, used 18432K [0x0000000701600000, 0x0000000800000000)
  region size 2048K, 10 young (20480K), 0 survivors (0K)
 Metaspace       used 5984K, committed 6080K, reserved 1056768K
  class space    used 533K, committed 576K, reserved 1048576K
}
Event: 15.445 GC heap after
{Heap after GC invocations=1 (full 1):
 garbage-first heap   total 28672K, used 3124K [0x0000000701600000, 0x0000000800000000)
  region size 2048K, 0 young (0K), 0 survivors (0K)
 Metaspace       used 5984K, committed 6080K, reserved 1056768K
  class space    used 533K, committed 576K, reserved 1048576K
}
Event: 15.474 GC heap before
{Heap before GC invocations=1 (full 1):
 garbage-first heap   total 28672K, used 3124K [0x0000000701600000, 0x0000000800000000)
  region size 2048K, 1 young (2048K), 0 survivors (0K)
 Metaspace       used 6061K, committed 6208K, reserved 1056768K
  class space    used 537K, committed 576K, reserved 1048576K
}
Event: 15.486 GC heap after
{Heap after GC invocations=2 (full 2):
 garbage-first heap   total 14336K, used 3070K [0x0000000701600000, 0x0000000800000000)
  region size 2048K, 0 young (0K), 0 survivors (0K)
 Metaspace       used 6061K, committed 6208K, reserved 1056768K
  class space    used 537K, committed 576K, reserved 1048576K
}

Deoptimization events (20 events):
Event: 0.516 Thread 0x000001cfe8493c60 DEOPT PACKING pc=0x000001cff043c4c3 sp=0x00000047496fac70
Event: 0.516 Thread 0x000001cfe8493c60 DEOPT UNPACKING pc=0x000001cfefcf2b43 sp=0x00000047496fa0c0 mode 0
Event: 0.563 Thread 0x000001cfe8493c60 DEOPT PACKING pc=0x000001cff0436556 sp=0x00000047496fe310
Event: 0.563 Thread 0x000001cfe8493c60 DEOPT UNPACKING pc=0x000001cfefcf2b43 sp=0x00000047496fd798 mode 0
Event: 2.085 Thread 0x000001cfe8493c60 Uncommon trap: trap_request=0xffffffde fr.pc=0x000001cff7878280 relative=0x0000000000001280
Event: 2.085 Thread 0x000001cfe8493c60 Uncommon trap: reason=class_check action=maybe_recompile pc=0x000001cff7878280 method=java.util.HashMap.putVal(ILjava/lang/Object;Ljava/lang/Object;ZZ)Ljava/lang/Object; @ 253 c2
Event: 2.085 Thread 0x000001cfe8493c60 DEOPT PACKING pc=0x000001cff7878280 sp=0x00000047496f9790
Event: 2.085 Thread 0x000001cfe8493c60 DEOPT UNPACKING pc=0x000001cfefcf23a3 sp=0x00000047496f96e8 mode 2
Event: 2.087 Thread 0x000001cfe8493c60 Uncommon trap: trap_request=0xffffffde fr.pc=0x000001cff7878280 relative=0x0000000000001280
Event: 2.087 Thread 0x000001cfe8493c60 Uncommon trap: reason=class_check action=maybe_recompile pc=0x000001cff7878280 method=java.util.HashMap.putVal(ILjava/lang/Object;Ljava/lang/Object;ZZ)Ljava/lang/Object; @ 253 c2
Event: 2.087 Thread 0x000001cfe8493c60 DEOPT PACKING pc=0x000001cff7878280 sp=0x00000047496f9790
Event: 2.087 Thread 0x000001cfe8493c60 DEOPT UNPACKING pc=0x000001cfefcf23a3 sp=0x00000047496f96e8 mode 2
Event: 2.088 Thread 0x000001cfe8493c60 Uncommon trap: trap_request=0xffffffde fr.pc=0x000001cff7878280 relative=0x0000000000001280
Event: 2.088 Thread 0x000001cfe8493c60 Uncommon trap: reason=class_check action=maybe_recompile pc=0x000001cff7878280 method=java.util.HashMap.putVal(ILjava/lang/Object;Ljava/lang/Object;ZZ)Ljava/lang/Object; @ 253 c2
Event: 2.088 Thread 0x000001cfe8493c60 DEOPT PACKING pc=0x000001cff7878280 sp=0x00000047496f9790
Event: 2.088 Thread 0x000001cfe8493c60 DEOPT UNPACKING pc=0x000001cfefcf23a3 sp=0x00000047496f96e8 mode 2
Event: 2.088 Thread 0x000001cfe8493c60 Uncommon trap: trap_request=0xffffffde fr.pc=0x000001cff7878280 relative=0x0000000000001280
Event: 2.088 Thread 0x000001cfe8493c60 Uncommon trap: reason=class_check action=maybe_recompile pc=0x000001cff7878280 method=java.util.HashMap.putVal(ILjava/lang/Object;Ljava/lang/Object;ZZ)Ljava/lang/Object; @ 253 c2
Event: 2.088 Thread 0x000001cfe8493c60 DEOPT PACKING pc=0x000001cff7878280 sp=0x00000047496f9790
Event: 2.088 Thread 0x000001cfe8493c60 DEOPT UNPACKING pc=0x000001cfefcf23a3 sp=0x00000047496f96e8 mode 2

Classes unloaded (0 events):
No events

Classes redefined (0 events):
No events

Internal exceptions (3 events):
Event: 0.237 Thread 0x000001cf8cad39d0 Exception <a 'java/lang/NoSuchMethodError'{0x00000007113aab40}: 'java.lang.Object java.lang.invoke.DirectMethodHandle$Holder.invokeStaticInit(java.lang.Object)'> (0x00000007113aab40) 
thrown [t:\workspace\open\src\hotspot\share\interpreter\linkResolver.cpp, line 766]
Event: 0.249 Thread 0x000001cf8cad39d0 Exception <a 'java/lang/NoSuchMethodError'{0x00000007113b8800}: 'void java.lang.invoke.DirectMethodHandle$Holder.invokeStatic(java.lang.Object, java.lang.Object)'> (0x00000007113b8800) 
thrown [t:\workspace\open\src\hotspot\share\interpreter\linkResolver.cpp, line 766]
Event: 2.093 Thread 0x000001cfe8493c60 Exception <a 'java/lang/reflect/InvocationTargetException'{0x0000000710538898}> (0x0000000710538898) 
thrown [t:\workspace\open\src\hotspot\share\runtime\reflection.cpp, line 1121]

VM Operations (20 events):
Event: 0.125 Executing VM operation: HandshakeAllThreads
Event: 0.125 Executing VM operation: HandshakeAllThreads done
Event: 0.235 Executing VM operation: HandshakeAllThreads
Event: 0.235 Executing VM operation: HandshakeAllThreads done
Event: 0.244 Executing VM operation: HandshakeAllThreads
Event: 0.244 Executing VM operation: HandshakeAllThreads done
Event: 0.305 Executing VM operation: HandshakeAllThreads
Event: 0.305 Executing VM operation: HandshakeAllThreads done
Event: 1.075 Executing VM operation: HandshakeAllThreads
Event: 1.075 Executing VM operation: HandshakeAllThreads done
Event: 1.075 Executing VM operation: Cleanup
Event: 1.075 Executing VM operation: Cleanup done
Event: 2.089 Executing VM operation: Cleanup
Event: 2.089 Executing VM operation: Cleanup done
Event: 3.091 Executing VM operation: Cleanup
Event: 3.091 Executing VM operation: Cleanup done
Event: 15.437 Executing VM operation: G1CollectFull
Event: 15.445 Executing VM operation: G1CollectFull done
Event: 15.472 Executing VM operation: G1CollectFull
Event: 15.486 Executing VM operation: G1CollectFull done

Events (20 events):
Event: 2.094 loading class java/lang/Throwable$WrappedPrintStream done
Event: 2.094 loading class java/lang/StackTraceElement$HashedModules
Event: 2.094 loading class java/lang/StackTraceElement$HashedModules done
Event: 7.095 Thread 0x000001cf8c8fb980 Thread exited: 0x000001cf8c8fb980
Event: 7.095 Thread 0x000001cf8c8eae50 Thread exited: 0x000001cf8c8eae50
Event: 15.435 loading class jdk/internal/misc/Signal$1
Event: 15.435 loading class jdk/internal/misc/Signal$1 done
Event: 15.435 Thread 0x000001cf8c8fb980 Thread added: 0x000001cf8c8fb980
Event: 15.435 Thread 0x000001cf8d805710 Thread added: 0x000001cf8d805710
Event: 15.445 loading class java/lang/ref/Finalizer$2
Event: 15.445 loading class java/lang/ref/Finalizer$2 done
Event: 15.445 loading class java/lang/ref/Finalizer$1
Event: 15.446 loading class java/lang/ref/Finalizer$1 done
Event: 15.446 Thread 0x000001cf8d005970 Thread added: 0x000001cf8d005970
Event: 15.448 Thread 0x000001cf8d005970 Thread exited: 0x000001cf8d005970
Event: 15.448 Thread 0x000001cf8d005970 Thread added: 0x000001cf8d005970
Event: 15.458 Thread 0x000001cfe8493c60 Thread exited: 0x000001cfe8493c60
Event: 15.458 Thread 0x000001cfe8493c60 Thread added: 0x000001cfe8493c60
Event: 15.486 Thread 0x000001cf8d638f20 Thread added: 0x000001cf8d638f20
Event: 15.486 Thread 0x000001cf8d638f20 Thread exited: 0x000001cf8d638f20


Dynamic libraries:
0x00007ff693c40000 - 0x00007ff693c50000 	C:\Program Files\Java\jdk-17\bin\java.exe
0x00007ff8976b0000 - 0x00007ff8978a5000 	C:\Windows\SYSTEM32\ntdll.dll
0x00007ff895a70000 - 0x00007ff895b2e000 	C:\Windows\System32\KERNEL32.DLL
0x00007ff894e60000 - 0x00007ff895128000 	C:\Windows\System32\KERNELBASE.dll
0x00007ff8951c0000 - 0x00007ff8952c0000 	C:\Windows\System32\ucrtbase.dll
0x00007ff8736f0000 - 0x00007ff873708000 	C:\Program Files\Java\jdk-17\bin\jli.dll
0x00007ff874c60000 - 0x00007ff874c7a000 	C:\Program Files\Java\jdk-17\bin\VCRUNTIME140.dll
0x00007ff895e20000 - 0x00007ff895ece000 	C:\Windows\System32\ADVAPI32.dll
0x00007ff896e20000 - 0x00007ff896ebe000 	C:\Windows\System32\msvcrt.dll
0x00007ff897260000 - 0x00007ff8972fc000 	C:\Windows\System32\sechost.dll
0x00007ff897540000 - 0x00007ff897665000 	C:\Windows\System32\RPCRT4.dll
0x00007ff8970c0000 - 0x00007ff897260000 	C:\Windows\System32\USER32.dll
0x00007ff895370000 - 0x00007ff895392000 	C:\Windows\System32\win32u.dll
0x00007ff880340000 - 0x00007ff8805da000 	C:\Windows\WinSxS\amd64_microsoft.windows.common-controls_6595b64144ccf1df_6.0.19041.1110_none_60b5254171f9507e\COMCTL32.dll
0x00007ff895b30000 - 0x00007ff895b5b000 	C:\Windows\System32\GDI32.dll
0x00007ff895410000 - 0x00007ff89551d000 	C:\Windows\System32\gdi32full.dll
0x00007ff894dc0000 - 0x00007ff894e5d000 	C:\Windows\System32\msvcp_win.dll
0x00007ff88df20000 - 0x00007ff88df2a000 	C:\Windows\SYSTEM32\VERSION.dll
0x00007ff897440000 - 0x00007ff897470000 	C:\Windows\System32\IMM32.DLL
0x00007ff8894e0000 - 0x00007ff8894ec000 	C:\Program Files\Java\jdk-17\bin\vcruntime140_1.dll
0x00007ff856ce0000 - 0x00007ff856d6d000 	C:\Program Files\Java\jdk-17\bin\msvcp140.dll
0x00007ff838210000 - 0x00007ff838dce000 	C:\Program Files\Java\jdk-17\bin\server\jvm.dll
0x00007ff896230000 - 0x00007ff896238000 	C:\Windows\System32\PSAPI.DLL
0x00007ff88cc10000 - 0x00007ff88cc37000 	C:\Windows\SYSTEM32\WINMM.dll
0x00007ff88f8e0000 - 0x00007ff88f8e9000 	C:\Windows\SYSTEM32\WSOCK32.dll
0x00007ff8974d0000 - 0x00007ff89753b000 	C:\Windows\System32\WS2_32.dll
0x00007ff892cd0000 - 0x00007ff892ce2000 	C:\Windows\SYSTEM32\kernel.appcore.dll
0x00007ff888820000 - 0x00007ff88882a000 	C:\Program Files\Java\jdk-17\bin\jimage.dll
0x00007ff88a080000 - 0x00007ff88a264000 	C:\Windows\SYSTEM32\DBGHELP.DLL
0x00007ff881050000 - 0x00007ff88107c000 	C:\Windows\SYSTEM32\dbgcore.DLL
0x00007ff895130000 - 0x00007ff8951b2000 	C:\Windows\System32\bcryptPrimitives.dll
0x00007ff87a970000 - 0x00007ff87a97e000 	C:\Program Files\Java\jdk-17\bin\instrument.dll
0x00007ff872e00000 - 0x00007ff872e25000 	C:\Program Files\Java\jdk-17\bin\java.dll
0x00007ff8530f0000 - 0x00007ff8531c6000 	C:\Program Files\Java\jdk-17\bin\svml.dll
0x00007ff896250000 - 0x00007ff896994000 	C:\Windows\System32\SHELL32.dll
0x00007ff892ed0000 - 0x00007ff893664000 	C:\Windows\SYSTEM32\windows.storage.dll
0x00007ff895ed0000 - 0x00007ff896225000 	C:\Windows\System32\combase.dll
0x00007ff894810000 - 0x00007ff89483e000 	C:\Windows\SYSTEM32\Wldp.dll
0x00007ff8958b0000 - 0x00007ff89595d000 	C:\Windows\System32\SHCORE.dll
0x00007ff897470000 - 0x00007ff8974c5000 	C:\Windows\System32\shlwapi.dll
0x00007ff894d00000 - 0x00007ff894d1f000 	C:\Windows\SYSTEM32\profapi.dll
0x00007ff868060000 - 0x00007ff868078000 	C:\Program Files\Java\jdk-17\bin\zip.dll
0x00007ff872de0000 - 0x00007ff872df9000 	C:\Program Files\Java\jdk-17\bin\net.dll
0x00007ff887670000 - 0x00007ff88777c000 	C:\Windows\SYSTEM32\WINHTTP.dll
0x00007ff894570000 - 0x00007ff8945da000 	C:\Windows\system32\mswsock.dll
0x00007ff86eb60000 - 0x00007ff86eb75000 	C:\Program Files\Java\jdk-17\bin\nio.dll
0x00007ff866540000 - 0x00007ff86655a000 	C:\Program Files\JetBrains\IntelliJ IDEA Community Edition 2021.2.1\bin\breakgen64.dll
0x00007ff885150000 - 0x00007ff885160000 	C:\Program Files\Java\jdk-17\bin\verify.dll
0x0000000072770000 - 0x0000000072a4e000 	C:\Users\Pablo\AppData\Local\Temp\QtJambi_Pablo_amd64_4.8.7_msvc2013x64-20150908-1314\lib\QtCore4.dll
0x00007ff895b60000 - 0x00007ff895c8a000 	C:\Windows\System32\ole32.dll
0x00007ff8648b0000 - 0x00007ff864956000 	C:\Windows\SYSTEM32\MSVCP120.dll
0x00007ff864960000 - 0x00007ff864a4f000 	C:\Windows\SYSTEM32\MSVCR120.dll
0x00007ff88aa80000 - 0x00007ff88aac0000 	C:\Users\Pablo\AppData\Local\Temp\QtJambi_Pablo_amd64_4.8.7_msvc2013x64-20150908-1314\lib\qtjambi.dll
0x00007ff859900000 - 0x00007ff859a2f000 	C:\Users\Pablo\AppData\Local\Temp\QtJambi_Pablo_amd64_4.8.7_msvc2013x64-20150908-1314\lib\com_trolltech_qt_core.dll
0x0000000071e00000 - 0x000000007276e000 	C:\Users\Pablo\AppData\Local\Temp\QtJambi_Pablo_amd64_4.8.7_msvc2013x64-20150908-1314\lib\QtGui4.dll
0x00007ff896ec0000 - 0x00007ff896f9a000 	C:\Windows\System32\COMDLG32.dll
0x00007ff897300000 - 0x00007ff8973cd000 	C:\Windows\System32\OLEAUT32.dll
0x00007ff875cd0000 - 0x00007ff875d65000 	C:\Windows\SYSTEM32\WINSPOOL.DRV
0x00007ff837ae0000 - 0x00007ff83820f000 	C:\Users\Pablo\AppData\Local\Temp\QtJambi_Pablo_amd64_4.8.7_msvc2013x64-20150908-1314\lib\com_trolltech_qt_gui.dll
0x00007ff8927f0000 - 0x00007ff89288e000 	C:\Windows\system32\uxtheme.dll
0x00007ff896fa0000 - 0x00007ff8970b6000 	C:\Windows\System32\MSCTF.dll
0x00007ff88f950000 - 0x00007ff88f95d000 	C:\Users\Pablo\AppData\Local\Temp\QtJambi_Pablo_amd64_4.8.7_msvc2013x64-20150908-1314\plugins\imageformats\qgif4.dll
0x00007ff88f940000 - 0x00007ff88f94e000 	C:\Users\Pablo\AppData\Local\Temp\QtJambi_Pablo_amd64_4.8.7_msvc2013x64-20150908-1314\plugins\imageformats\qico4.dll
0x00007ff868090000 - 0x00007ff8680cd000 	C:\Users\Pablo\AppData\Local\Temp\QtJambi_Pablo_amd64_4.8.7_msvc2013x64-20150908-1314\plugins\imageformats\qjpeg4.dll
0x00007ff864860000 - 0x00007ff8648a9000 	C:\Users\Pablo\AppData\Local\Temp\QtJambi_Pablo_amd64_4.8.7_msvc2013x64-20150908-1314\plugins\imageformats\qmng4.dll
0x00007ff8598a0000 - 0x00007ff8598fb000 	C:\Users\Pablo\AppData\Local\Temp\QtJambi_Pablo_amd64_4.8.7_msvc2013x64-20150908-1314\plugins\imageformats\qtiff4.dll
0x00007ff888560000 - 0x00007ff888659000 	C:\Windows\SYSTEM32\textinputframework.dll
0x00007ff8922f0000 - 0x00007ff8923e2000 	C:\Windows\System32\CoreMessaging.dll
0x00007ff891f90000 - 0x00007ff8922ee000 	C:\Windows\System32\CoreUIComponents.dll
0x00007ff893ab0000 - 0x00007ff893ae3000 	C:\Windows\SYSTEM32\ntmarta.dll
0x00007ff890c30000 - 0x00007ff890d84000 	C:\Windows\SYSTEM32\wintypes.dll
0x00007ff88a5c0000 - 0x00007ff88a670000 	C:\Windows\WinSxS\amd64_microsoft.windows.common-controls_6595b64144ccf1df_5.82.19041.1110_none_792d1c772443f647\comctl32.dll

dbghelp: loaded successfully - version: 4.0.5 - missing functions: none
symbol engine: initialized successfully - sym options: 0x614 - pdb path: .;C:\Program Files\Java\jdk-17\bin;C:\Windows\SYSTEM32;C:\Windows\WinSxS\amd64_microsoft.windows.common-controls_6595b64144ccf1df_6.0.19041.1110_none_60b5254171f9507e;C:\Program Files\Java\jdk-17\bin\server;C:\Program Files\JetBrains\IntelliJ IDEA Community Edition 2021.2.1\bin;C:\Users\Pablo\AppData\Local\Temp\QtJambi_Pablo_amd64_4.8.7_msvc2013x64-20150908-1314\lib;C:\Users\Pablo\AppData\Local\Temp\QtJambi_Pablo_amd64_4.8.7_msvc2013x64-20150908-1314\plugins\imageformats;C:\Windows\WinSxS\amd64_microsoft.windows.common-controls_6595b64144ccf1df_5.82.19041.1110_none_792d1c772443f647

VM Arguments:
jvm_args: -javaagent:C:\Program Files\JetBrains\IntelliJ IDEA Community Edition 2021.2.1\lib\idea_rt.jar=63418:C:\Program Files\JetBrains\IntelliJ IDEA Community Edition 2021.2.1\bin -Dfile.encoding=UTF-8 
java_command: interfazrooms.InterfazROOMS
java_class_path (initial): C:\Users\Pablo\Desktop\DAMRooms_Project\GUI\InterfazROOMS\target\classes;C:\Users\Pablo\Desktop\DAMRooms_Project\GUI\InterfazROOMS\librerias\qtjambi-examples-4.8.7.jar;C:\Users\Pablo\Desktop\DAMRooms_Project\GUI\InterfazROOMS\librerias\qtjambi-designer-4.8.7.jar;C:\Users\Pablo\Desktop\DAMRooms_Project\GUI\InterfazROOMS\librerias\qtjambi-src.jar;C:\Users\Pablo\Desktop\DAMRooms_Project\GUI\InterfazROOMS\librerias\qtjambi-native-win64-msvc2013x64-4.8.7.jar;C:\Users\Pablo\Desktop\DAMRooms_Project\GUI\InterfazROOMS\librerias\qtjambi-4.8.7.jar;C:\Users\Pablo\Desktop\DAMRooms_Project\GUI\InterfazROOMS\librerias\qtjambi-examples-src.jar;C:\Users\Pablo\.m2\repository\org\glassfish\jersey\core\jersey-client\2.27\jersey-client-2.27.jar;C:\Users\Pablo\.m2\repository\javax\ws\rs\javax.ws.rs-api\2.1\javax.ws.rs-api-2.1.jar;C:\Users\Pablo\.m2\repository\org\glassfish\jersey\core\jersey-common\2.27\jersey-common-2.27.jar;C:\Users\Pablo\.m2\repository\javax\annotation\javax.annotation-api\1.2\javax.annotation-api-1.2.jar;C:\Users\Pablo\.m2\repository\org\glassfish\hk2\osgi-resource-locator\1.0.1\osgi-resource-locator-1.0.1.jar;C:\Users\Pablo\.m2\repository\org\glassfish\hk2\external\javax.inject\2.5.0-b42\javax.inject-2.5.0-b42.jar;C:\Users\Pablo\.m2\repository\org\glassfish\jersey\inject\jersey-hk2\2.27\jersey-hk2-2.27.jar;C:\Users\Pablo\.m2\repository\org\glassfish\hk2\hk2-locator\2.5.0-b42\hk2-locator-2.5.0-b42.jar;C:\Users\Pablo\.m2\repository\org\glassfish\hk2\external\aopalliance-repackaged\2.5.0-b42\aopalliance-repackaged-2.5.0-b42.jar;C:\Users\Pablo\.m2\repository\org\glassfish\hk2\hk2-api\2.5.0-b42\hk2-api-2.5.0-b42.jar;C:\Users\Pablo\.m2\repository\javax\inject\javax.inject\1\javax.inject-1.jar;C:\Users\Pablo\.m2\repository\org\glassfish\hk2\hk2-utils\2.5.0-b42\hk2-utils-2.5.0-b42.jar;C:\Users\Pablo\.m2\repository\org\javassist\javassist\3.22.0-CR2\javassist-3.22.0-CR2.jar;C:\Users\Pablo\.m2\repository\javax\xml\bind\jaxb-api\2.3.1\jaxb-api-2.3
Launcher Type: SUN_STANDARD

[Global flags]
     intx CICompilerCount                          = 12                                        {product} {ergonomic}
     uint ConcGCThreads                            = 3                                         {product} {ergonomic}
     uint G1ConcRefinementThreads                  = 13                                        {product} {ergonomic}
   size_t G1HeapRegionSize                         = 2097152                                   {product} {ergonomic}
    uintx GCDrainStackTargetSize                   = 64                                        {product} {ergonomic}
   size_t InitialHeapSize                          = 268435456                                 {product} {ergonomic}
   size_t MarkStackSize                            = 4194304                                   {product} {ergonomic}
   size_t MaxHeapSize                              = 4271898624                                {product} {ergonomic}
   size_t MaxNewSize                               = 2562719744                                {product} {ergonomic}
   size_t MinHeapDeltaBytes                        = 2097152                                   {product} {ergonomic}
   size_t MinHeapSize                              = 8388608                                   {product} {ergonomic}
    uintx NonNMethodCodeHeapSize                   = 7602480                                {pd product} {ergonomic}
    uintx NonProfiledCodeHeapSize                  = 122027880                              {pd product} {ergonomic}
    uintx ProfiledCodeHeapSize                     = 122027880                              {pd product} {ergonomic}
    uintx ReservedCodeCacheSize                    = 251658240                              {pd product} {ergonomic}
     bool SegmentedCodeCache                       = true                                      {product} {ergonomic}
   size_t SoftMaxHeapSize                          = 4271898624                             {manageable} {ergonomic}
     bool UseCompressedClassPointers               = true                           {product lp64_product} {ergonomic}
     bool UseCompressedOops                        = true                           {product lp64_product} {ergonomic}
     bool UseG1GC                                  = true                                      {product} {ergonomic}
     bool UseLargePagesIndividualAllocation        = false                                  {pd product} {ergonomic}

Logging:
Log output configuration:
 #0: stdout all=warning uptime,level,tags
 #1: stderr all=off uptime,level,tags

Environment Variables:
JAVA_HOME=C:\Program Files\Java\jdk-17
PATH=C:\Program Files\Common Files\Oracle\Java\javapath;C:\Program Files (x86)\Razer Chroma SDK\bin;C:\Program Files\Razer Chroma SDK\bin;C:\Program Files (x86)\Razer\ChromaBroadcast\bin;C:\Program Files\Razer\ChromaBroadcast\bin;C:\Program Files (x86)\Common Files\Oracle\Java\javapath;C:\Windows\system32;C:\Windows;C:\Windows\System32\Wbem;C:\Windows\System32\WindowsPowerShell\v1.0\;C:\Windows\System32\OpenSSH\;C:\Users\Pablo\AppData\Local\Microsoft\WindowsApps;C:\Program Files\JetBrains\IntelliJ IDEA Community Edition 2021.2.1\bin;C:\adb;C:\Windows\system32\config\systemprofile\AppData\Local\Microsoft\WindowsApps;C:\Program Files\Java\jdk-17\bin;C:\flutter\bin;C:\Android;C:\Program Files\Git\cmd;C:\Program Files\dotnet\;C:\Users\Pablo\AppData\Local\Microsoft\WindowsApps;C:\Program Files\JetBrains\IntelliJ IDEA Community Edition 2021.2.1\bin;;C:\Users\Pablo\AppData\Local\Programs\Microsoft VS Code\bin;C:\Users\Pablo\AppData\Local\GitHubDesktop\bin
USERNAME=Pablo
OS=Windows_NT
PROCESSOR_IDENTIFIER=AMD64 Family 23 Model 8 Stepping 2, AuthenticAMD



---------------  S Y S T E M  ---------------

OS:
 Windows 10 , 64 bit Build 19041 (10.0.19041.1503)
OS uptime: 3 days 23:20 hours

CPU: total 16 (initial active 16) (16 cores per cpu, 2 threads per core) family 23 model 8 stepping 2 microcode 0x0, cx8, cmov, fxsr, ht, mmx, 3dnowpref, sse, sse2, sse3, ssse3, sse4a, sse4.1, sse4.2, popcnt, lzcnt, tsc, tscinvbit, avx, avx2, aes, clmul, bmi1, bmi2, adx, sha, fma, vzeroupper, clflush, clflushopt

Memory: 4k page, system-wide physical 16293M (8232M free)
TotalPageFile size 21413M (AvailPageFile size 7710M)
current process WorkingSet (physical memory assigned to process): 68M, peak: 85M
current process commit charge ("private bytes"): 134M, peak: 390M

vm_info: Java HotSpot(TM) 64-Bit Server VM (17+35-LTS-2724) for windows-amd64 JRE (17+35-LTS-2724), built on Aug  5 2021 23:28:28 by "mach5one" with MS VC++ 16.8 (VS2019)

END.
